<?xml version="1.0" encoding="UTF-8"?>
<testsuite xmlns:xsi="http://www.w3.org/2001/XMLSchema-instance" xsi:noNamespaceSchemaLocation="https://maven.apache.org/surefire/maven-surefire-plugin/xsd/surefire-test-report-3.0.xsd" version="3.0" name="com.quecart.ProductServiceApplicationTests" time="25.32" tests="3" errors="0" skipped="0" failures="0">
  <properties>
[...]
</properties>
  <testcase name="shouldCreateProduct" classname="com.quecart.ProductServiceApplicationTests" time="4.197">
    <system-out><![CDATA[11:56:46.996 [main] INFO org.springframework.test.context.support.AnnotationConfigContextLoaderUtils -- Could not detect default configuration classes for test class [com.quecart.ProductServiceApplicationTests]: ProductServiceApplicationTests does not declare any static, non-private, non-final, nested classes annotated with @Configuration.
11:56:47.413 [main] INFO org.springframework.boot.test.context.SpringBootTestContextBootstrapper -- Found @SpringBootConfiguration com.quecart.ProductServiceApplication for test class com.quecart.ProductServiceApplicationTests
11:56:48.231 [main] INFO org.testcontainers.utility.ImageNameSubstitutor -- Image name substitution will be performed by: DefaultImageNameSubstitutor (composite of 'ConfigurationFileImageNameSubstitutor' and 'PrefixingImageNameSubstitutor')
11:56:49.031 [main] INFO org.testcontainers.dockerclient.DockerClientProviderStrategy -- Loaded org.testcontainers.dockerclient.NpipeSocketClientProviderStrategy from ~/.testcontainers.properties, will try it first
11:56:49.987 [main] INFO org.testcontainers.dockerclient.DockerClientProviderStrategy -- Found Docker environment with local Npipe socket (npipe:////./pipe/docker_engine)
11:56:49.991 [main] INFO org.testcontainers.DockerClientFactory -- Docker host IP address is localhost
11:56:50.084 [main] INFO org.testcontainers.DockerClientFactory -- Connected to docker: 
  Server Version: 23.0.5
  API Version: 1.42
  Operating System: Docker Desktop
  Total Memory: 4868 MB
11:56:50.266 [main] INFO tc.testcontainers/ryuk:0.5.1 -- Creating container for image: testcontainers/ryuk:0.5.1
11:56:51.061 [main] INFO tc.testcontainers/ryuk:0.5.1 -- Container testcontainers/ryuk:0.5.1 is starting: d9a518eedbe8acf33e7f2a40d7d3012a812394dfd9afea67702e808df3450b8c
11:56:52.665 [main] INFO tc.testcontainers/ryuk:0.5.1 -- Container testcontainers/ryuk:0.5.1 started in PT2.5540271S
11:56:52.693 [main] INFO org.testcontainers.utility.RyukResourceReaper -- Ryuk started - will monitor and terminate Testcontainers containers on JVM exit
11:56:52.694 [main] INFO org.testcontainers.DockerClientFactory -- Checking the system...
11:56:52.696 [main] INFO org.testcontainers.DockerClientFactory -- ?? Docker server version should be at least 1.6.0
11:56:52.697 [main] INFO tc.mongo:4.4.2 -- Creating container for image: mongo:4.4.2
11:56:52.989 [main] INFO tc.mongo:4.4.2 -- Container mongo:4.4.2 is starting: fb307ee3199ccc937ab3f220e1de501f2c071ef3490f13c080fae764620bab29
11:56:56.533 [main] INFO tc.mongo:4.4.2 -- Container mongo:4.4.2 started in PT3.8363362S

  .   ____          _            __ _ _
 /\\ / ___'_ __ _ _(_)_ __  __ _ \ \ \ \
( ( )\___ | '_ | '_| | '_ \/ _` | \ \ \ \
 \\/  ___)| |_)| | | | | || (_| |  ) ) ) )
  '  |____| .__|_| |_|_| |_\__, | / / / /
 =========|_|==============|___/=/_/_/_/
 :: Spring Boot ::                (v3.1.1)

2023-06-29T11:56:59.124+05:30  INFO 256 --- [           main] c.q.ProductServiceApplicationTests       : Starting ProductServiceApplicationTests using Java 17.0.4.1 with PID 256 (started by Jags in D:\quecart_microservices_REST_API\quecart-microservices\product-microservice)
2023-06-29T11:56:59.129+05:30  INFO 256 --- [           main] c.q.ProductServiceApplicationTests       : No active profile set, falling back to 1 default profile: "default"
2023-06-29T11:57:01.539+05:30  INFO 256 --- [           main] .s.d.r.c.RepositoryConfigurationDelegate : Bootstrapping Spring Data MongoDB repositories in DEFAULT mode.
2023-06-29T11:57:01.724+05:30  INFO 256 --- [           main] .s.d.r.c.RepositoryConfigurationDelegate : Finished Spring Data repository scanning in 171 ms. Found 1 MongoDB repository interfaces.
2023-06-29T11:57:03.247+05:30  INFO 256 --- [           main] org.mongodb.driver.client                : MongoClient with metadata {"driver": {"name": "mongo-java-driver|sync|spring-boot", "version": "4.9.1"}, "os": {"type": "Windows", "name": "Windows 10", "architecture": "amd64", "version": "10.0"}, "platform": "Java/Eclipse Adoptium/17.0.4.1+1"} created with settings MongoClientSettings{readPreference=primary, writeConcern=WriteConcern{w=null, wTimeout=null ms, journal=null}, retryWrites=true, retryReads=true, readConcern=ReadConcern{level=null}, credential=null, streamFactoryFactory=null, commandListeners=[], codecRegistry=ProvidersCodecRegistry{codecProviders=[ValueCodecProvider{}, BsonValueCodecProvider{}, DBRefCodecProvider{}, DBObjectCodecProvider{}, DocumentCodecProvider{}, CollectionCodecProvider{}, IterableCodecProvider{}, MapCodecProvider{}, GeoJsonCodecProvider{}, GridFSFileCodecProvider{}, Jsr310CodecProvider{}, JsonObjectCodecProvider{}, BsonCodecProvider{}, EnumCodecProvider{}, com.mongodb.client.model.mql.ExpressionCodecProvider@645dc557, com.mongodb.Jep395RecordCodecProvider@48c5698]}, loggerSettings=LoggerSettings{maxDocumentLength=1000}, clusterSettings={hosts=[localhost:55865], srvServiceName=mongodb, mode=SINGLE, requiredClusterType=UNKNOWN, requiredReplicaSetName='null', serverSelector='null', clusterListeners='[]', serverSelectionTimeout='30000 ms', localThreshold='30000 ms'}, socketSettings=SocketSettings{connectTimeoutMS=10000, readTimeoutMS=0, receiveBufferSize=0, sendBufferSize=0}, heartbeatSocketSettings=SocketSettings{connectTimeoutMS=10000, readTimeoutMS=10000, receiveBufferSize=0, sendBufferSize=0}, connectionPoolSettings=ConnectionPoolSettings{maxSize=100, minSize=0, maxWaitTimeMS=120000, maxConnectionLifeTimeMS=0, maxConnectionIdleTimeMS=0, maintenanceInitialDelayMS=0, maintenanceFrequencyMS=60000, connectionPoolListeners=[], maxConnecting=2}, serverSettings=ServerSettings{heartbeatFrequencyMS=10000, minHeartbeatFrequencyMS=500, serverListeners='[]', serverMonitorListeners='[]'}, sslSettings=SslSettings{enabled=false, invalidHostNameAllowed=false, context=null}, applicationName='null', compressorList=[], uuidRepresentation=JAVA_LEGACY, serverApi=null, autoEncryptionSettings=null, contextProvider=null}
2023-06-29T11:57:03.345+05:30  INFO 256 --- [localhost:55865] org.mongodb.driver.cluster               : Monitor thread successfully connected to server with description ServerDescription{address=localhost:55865, type=REPLICA_SET_PRIMARY, state=CONNECTED, ok=true, minWireVersion=0, maxWireVersion=9, maxDocumentSize=16777216, logicalSessionTimeoutMinutes=30, roundTripTimeNanos=117680000, setName='docker-rs', canonicalAddress=fb307ee3199c:27017, hosts=[fb307ee3199c:27017], passives=[], arbiters=[], primary='fb307ee3199c:27017', tagSet=TagSet{[]}, electionId=7fffffff0000000000000001, setVersion=1, topologyVersion=TopologyVersion{processId=649d242ff4c52b3831399d04, counter=6}, lastWriteDate=Thu Jun 29 11:56:57 IST 2023, lastUpdateTimeNanos=6195508227000}
2023-06-29T11:57:06.359+05:30  INFO 256 --- [           main] o.s.b.t.m.w.SpringBootMockServletContext : Initializing Spring TestDispatcherServlet ''
2023-06-29T11:57:06.360+05:30  INFO 256 --- [           main] o.s.t.web.servlet.TestDispatcherServlet  : Initializing Servlet ''
2023-06-29T11:57:06.369+05:30  INFO 256 --- [           main] o.s.t.web.servlet.TestDispatcherServlet  : Completed initialization in 2 ms
2023-06-29T11:57:06.429+05:30  INFO 256 --- [           main] c.q.ProductServiceApplicationTests       : Started ProductServiceApplicationTests in 8.168 seconds (process running for 22.337)
2023-06-29T11:57:10.489+05:30  INFO 256 --- [           main] c.q.service.impl.ProductServiceImpl      : Product Mouse saved successfully
]]></system-out>
  </testcase>
  <testcase name="shouldReturnProductById" classname="com.quecart.ProductServiceApplicationTests" time="0.049"/>
  <testcase name="shouldReturnProductList" classname="com.quecart.ProductServiceApplicationTests" time="0.035"/>
</testsuite>